<?xml version="1.0" encoding="UTF-8"?>
<!-- Generated by org.testng.reporters.JUnitReportReporter -->
<testsuite hostname="DESKTOP-I03OBAS" failures="0" tests="1" name="com.test.testcases.TC006RequestCounts" time="0.208" errors="0" timestamp="2023-08-03T13:14:24 IST" skipped="0">
  <testcase classname="com.test.testcases.TC006RequestCounts" name="run" time="0.208"/>
  <system-out/>
</testsuite> <!-- com.test.testcases.TC006RequestCounts -->
