<?xml version="1.0" encoding="UTF-8"?>
<!-- Generated by org.testng.reporters.JUnitReportReporter -->
<testsuite hostname="DESKTOP-I03OBAS" failures="0" tests="1" name="com.test.testcases.UploadFile" time="1.192" errors="0" timestamp="2023-08-31T14:58:10 IST" skipped="0">
  <testcase classname="com.test.testcases.UploadFile" name="run" time="1.192"/>
  <system-out/>
</testsuite> <!-- com.test.testcases.UploadFile -->
