<?xml version="1.0" encoding="UTF-8"?>
<!-- Generated by org.testng.reporters.JUnitReportReporter -->
<testsuite hostname="DESKTOP-I03OBAS" failures="0" tests="1" name="com.test.testcases.TC003CreateNewRequest" time="37.957" errors="0" timestamp="2023-06-26T13:19:12 IST" skipped="0">
  <testcase classname="com.test.testcases.TC003CreateNewRequest" name="run" time="37.957"/>
  <system-out/>
</testsuite> <!-- com.test.testcases.TC003CreateNewRequest -->
