<?xml version="1.0" encoding="UTF-8"?>
<!-- Generated by org.testng.reporters.JUnitReportReporter -->
<testsuite hostname="DESKTOP-I03OBAS" failures="0" tests="1" name="com.test.testcases.TC001LogIn" time="0.000" errors="0" timestamp="2023-08-03T14:12:53 IST" skipped="1">
  <testcase classname="com.test.testcases.TC001LogIn" name="run" time="0.000">
    <skipped/>
  </testcase> <!-- run -->
  <system-out/>
</testsuite> <!-- com.test.testcases.TC001LogIn -->
